0 info it worked if it ends with ok
1 verbose cli [ 'C:\\Program Files\\nodejs\\node.exe',
1 verbose cli   'C:\\Program Files\\nodejs\\node_modules\\npm\\bin\\npm-cli.js',
1 verbose cli   'install',
1 verbose cli   '-g',
1 verbose cli   'sleep' ]
2 info using npm@3.10.10
3 info using node@v6.11.0
4 silly loadCurrentTree Starting
5 silly install loadCurrentTree
6 silly install readGlobalPackageData
7 silly fetchPackageMetaData sleep
8 silly fetchNamedPackageData sleep
9 silly mapToRegistry name sleep
10 silly mapToRegistry using default registry
11 silly mapToRegistry registry https://registry.npmjs.org/
12 silly mapToRegistry data Result {
12 silly mapToRegistry   raw: 'sleep',
12 silly mapToRegistry   scope: null,
12 silly mapToRegistry   escapedName: 'sleep',
12 silly mapToRegistry   name: 'sleep',
12 silly mapToRegistry   rawSpec: '',
12 silly mapToRegistry   spec: 'latest',
12 silly mapToRegistry   type: 'tag' }
13 silly mapToRegistry uri https://registry.npmjs.org/sleep
14 verbose request uri https://registry.npmjs.org/sleep
15 verbose request no auth needed
16 info attempt registry request try #1 at 13:07:57
17 verbose request id 27bb7c8579ee13af
18 http request GET https://registry.npmjs.org/sleep
19 http 200 https://registry.npmjs.org/sleep
20 verbose headers { 'content-type': 'application/json; charset=UTF-8',
20 verbose headers   server: 'UploadServer',
20 verbose headers   'cache-control': 'max-age=300',
20 verbose headers   'last-modified': 'Tue, 23 Jan 2018 17:24:58 GMT',
20 verbose headers   etag: '"5a676fea-575b"',
20 verbose headers   'x-npm-region': 'Asia',
20 verbose headers   'content-encoding': 'gzip',
20 verbose headers   'content-length': '3110',
20 verbose headers   'accept-ranges': 'bytes',
20 verbose headers   date: 'Wed, 07 Mar 2018 04:07:58 GMT',
20 verbose headers   via: '1.1 varnish',
20 verbose headers   age: '2720',
20 verbose headers   connection: 'keep-alive',
20 verbose headers   'x-served-by': 'cache-nrt6120-NRT',
20 verbose headers   'x-cache': 'HIT',
20 verbose headers   'x-cache-hits': '1',
20 verbose headers   'x-timer': 'S1520395678.488926,VS0,VE0',
20 verbose headers   vary: 'Accept-Encoding, Accept' }
21 silly get cb [ 200,
21 silly get   { 'content-type': 'application/json; charset=UTF-8',
21 silly get     server: 'UploadServer',
21 silly get     'cache-control': 'max-age=300',
21 silly get     'last-modified': 'Tue, 23 Jan 2018 17:24:58 GMT',
21 silly get     etag: '"5a676fea-575b"',
21 silly get     'x-npm-region': 'Asia',
21 silly get     'content-encoding': 'gzip',
21 silly get     'content-length': '3110',
21 silly get     'accept-ranges': 'bytes',
21 silly get     date: 'Wed, 07 Mar 2018 04:07:58 GMT',
21 silly get     via: '1.1 varnish',
21 silly get     age: '2720',
21 silly get     connection: 'keep-alive',
21 silly get     'x-served-by': 'cache-nrt6120-NRT',
21 silly get     'x-cache': 'HIT',
21 silly get     'x-cache-hits': '1',
21 silly get     'x-timer': 'S1520395678.488926,VS0,VE0',
21 silly get     vary: 'Accept-Encoding, Accept' } ]
22 verbose get saving sleep to C:\Users\colai\AppData\Roaming\npm-cache\registry.npmjs.org\sleep\.cache.json
23 verbose correctMkdir C:\Users\colai\AppData\Roaming\npm-cache correctMkdir not in flight; initializing
24 silly install normalizeTree
25 silly loadCurrentTree Finishing
26 silly loadIdealTree Starting
27 silly install loadIdealTree
28 silly cloneCurrentTree Starting
29 silly install cloneCurrentTreeToIdealTree
30 silly cloneCurrentTree Finishing
31 silly loadShrinkwrap Starting
32 silly install loadShrinkwrap
33 silly loadShrinkwrap Finishing
34 silly loadAllDepsIntoIdealTree Starting
35 silly install loadAllDepsIntoIdealTree
36 silly resolveWithNewModule sleep@5.1.1 checking installable status
37 silly cache add args [ 'sleep', null ]
38 verbose cache add spec sleep
39 silly cache add parsed spec Result {
39 silly cache add   raw: 'sleep',
39 silly cache add   scope: null,
39 silly cache add   escapedName: 'sleep',
39 silly cache add   name: 'sleep',
39 silly cache add   rawSpec: '',
39 silly cache add   spec: 'latest',
39 silly cache add   type: 'tag' }
40 silly addNamed sleep@latest
41 verbose addNamed "latest" is being treated as a dist-tag for sleep
42 info addNameTag [ 'sleep', 'latest' ]
43 silly mapToRegistry name sleep
44 silly mapToRegistry using default registry
45 silly mapToRegistry registry https://registry.npmjs.org/
46 silly mapToRegistry data Result {
46 silly mapToRegistry   raw: 'sleep',
46 silly mapToRegistry   scope: null,
46 silly mapToRegistry   escapedName: 'sleep',
46 silly mapToRegistry   name: 'sleep',
46 silly mapToRegistry   rawSpec: '',
46 silly mapToRegistry   spec: 'latest',
46 silly mapToRegistry   type: 'tag' }
47 silly mapToRegistry uri https://registry.npmjs.org/sleep
48 verbose addNameTag registry:https://registry.npmjs.org/sleep not in flight; fetching
49 verbose get https://registry.npmjs.org/sleep not expired, no request
50 silly addNameTag next cb for sleep with tag latest
51 silly addNamed sleep@5.1.1
52 verbose addNamed "5.1.1" is a plain semver version for sleep
53 silly mapToRegistry name sleep
54 silly mapToRegistry using default registry
55 silly mapToRegistry registry https://registry.npmjs.org/
56 silly mapToRegistry data Result {
56 silly mapToRegistry   raw: 'sleep',
56 silly mapToRegistry   scope: null,
56 silly mapToRegistry   escapedName: 'sleep',
56 silly mapToRegistry   name: 'sleep',
56 silly mapToRegistry   rawSpec: '',
56 silly mapToRegistry   spec: 'latest',
56 silly mapToRegistry   type: 'tag' }
57 silly mapToRegistry uri https://registry.npmjs.org/sleep
58 verbose addRemoteTarball https://registry.npmjs.org/sleep/-/sleep-5.1.1.tgz not in flight; adding
59 verbose addRemoteTarball [ 'https://registry.npmjs.org/sleep/-/sleep-5.1.1.tgz',
59 verbose addRemoteTarball   '878fa1d44d08eeb0f26fb2018ef8629eb1a3ab94' ]
60 info retry fetch attempt 1 at 13:07:58
61 info attempt registry request try #1 at 13:07:58
62 http fetch GET https://registry.npmjs.org/sleep/-/sleep-5.1.1.tgz
63 http fetch 200 https://registry.npmjs.org/sleep/-/sleep-5.1.1.tgz
64 silly fetchAndShaCheck shasum 878fa1d44d08eeb0f26fb2018ef8629eb1a3ab94
65 verbose addTmpTarball C:\Users\colai\AppData\Local\Temp\npm-25436-b24f5130\registry.npmjs.org\sleep\-\sleep-5.1.1.tgz not in flight; adding
66 verbose addTmpTarball already have metadata; skipping unpack for sleep@5.1.1
67 verbose correctMkdir C:\Users\colai\AppData\Roaming\npm-cache correctMkdir not in flight; initializing
68 silly cache afterAdd sleep@5.1.1
69 verbose afterAdd C:\Users\colai\AppData\Roaming\npm-cache\sleep\5.1.1\package\package.json not in flight; writing
70 verbose correctMkdir C:\Users\colai\AppData\Roaming\npm-cache correctMkdir not in flight; initializing
71 verbose afterAdd C:\Users\colai\AppData\Roaming\npm-cache\sleep\5.1.1\package\package.json written
72 silly fetchNamedPackageData nan
73 silly mapToRegistry name nan
74 silly mapToRegistry using default registry
75 silly mapToRegistry registry https://registry.npmjs.org/
76 silly mapToRegistry data Result {
76 silly mapToRegistry   raw: 'nan',
76 silly mapToRegistry   scope: null,
76 silly mapToRegistry   escapedName: 'nan',
76 silly mapToRegistry   name: 'nan',
76 silly mapToRegistry   rawSpec: '',
76 silly mapToRegistry   spec: 'latest',
76 silly mapToRegistry   type: 'tag' }
77 silly mapToRegistry uri https://registry.npmjs.org/nan
78 verbose request uri https://registry.npmjs.org/nan
79 verbose request no auth needed
80 info attempt registry request try #1 at 13:07:58
81 verbose etag "5a8f537a-221e5"
82 verbose lastModified Thu, 22 Feb 2018 23:34:18 GMT
83 http request GET https://registry.npmjs.org/nan
84 http 304 https://registry.npmjs.org/nan
85 verbose headers { date: 'Wed, 07 Mar 2018 04:07:58 GMT',
85 verbose headers   via: '1.1 varnish',
85 verbose headers   'cache-control': 'max-age=300',
85 verbose headers   etag: '"5a8f537a-221e5"',
85 verbose headers   age: '13520',
85 verbose headers   connection: 'keep-alive',
85 verbose headers   'x-served-by': 'cache-nrt6120-NRT',
85 verbose headers   'x-cache': 'HIT',
85 verbose headers   'x-cache-hits': '59',
85 verbose headers   'x-timer': 'S1520395679.775980,VS0,VE0',
85 verbose headers   vary: 'Accept-Encoding, Accept' }
86 silly get cb [ 304,
86 silly get   { date: 'Wed, 07 Mar 2018 04:07:58 GMT',
86 silly get     via: '1.1 varnish',
86 silly get     'cache-control': 'max-age=300',
86 silly get     etag: '"5a8f537a-221e5"',
86 silly get     age: '13520',
86 silly get     connection: 'keep-alive',
86 silly get     'x-served-by': 'cache-nrt6120-NRT',
86 silly get     'x-cache': 'HIT',
86 silly get     'x-cache-hits': '59',
86 silly get     'x-timer': 'S1520395679.775980,VS0,VE0',
86 silly get     vary: 'Accept-Encoding, Accept' } ]
87 verbose etag https://registry.npmjs.org/nan from cache
88 verbose get saving nan to C:\Users\colai\AppData\Roaming\npm-cache\registry.npmjs.org\nan\.cache.json
89 verbose correctMkdir C:\Users\colai\AppData\Roaming\npm-cache correctMkdir not in flight; initializing
90 silly resolveWithNewModule nan@2.9.2 checking installable status
91 silly cache add args [ 'nan@>=2.5.1', null ]
92 verbose cache add spec nan@>=2.5.1
93 silly cache add parsed spec Result {
93 silly cache add   raw: 'nan@>=2.5.1',
93 silly cache add   scope: null,
93 silly cache add   escapedName: 'nan',
93 silly cache add   name: 'nan',
93 silly cache add   rawSpec: '>=2.5.1',
93 silly cache add   spec: '>=2.5.1',
93 silly cache add   type: 'range' }
94 silly addNamed nan@>=2.5.1
95 verbose addNamed ">=2.5.1" is a valid semver range for nan
96 silly addNameRange { name: 'nan', range: '>=2.5.1', hasData: false }
97 silly mapToRegistry name nan
98 silly mapToRegistry using default registry
99 silly mapToRegistry registry https://registry.npmjs.org/
100 silly mapToRegistry data Result {
100 silly mapToRegistry   raw: 'nan',
100 silly mapToRegistry   scope: null,
100 silly mapToRegistry   escapedName: 'nan',
100 silly mapToRegistry   name: 'nan',
100 silly mapToRegistry   rawSpec: '',
100 silly mapToRegistry   spec: 'latest',
100 silly mapToRegistry   type: 'tag' }
101 silly mapToRegistry uri https://registry.npmjs.org/nan
102 verbose addNameRange registry:https://registry.npmjs.org/nan not in flight; fetching
103 verbose get https://registry.npmjs.org/nan not expired, no request
104 silly addNameRange number 2 { name: 'nan', range: '>=2.5.1', hasData: true }
105 silly addNameRange versions [ 'nan',
105 silly addNameRange   [ '0.3.0-wip',
105 silly addNameRange     '0.3.0-wip2',
105 silly addNameRange     '0.3.0',
105 silly addNameRange     '0.3.1',
105 silly addNameRange     '0.3.2',
105 silly addNameRange     '0.4.0',
105 silly addNameRange     '0.4.1',
105 silly addNameRange     '0.4.2',
105 silly addNameRange     '0.4.3',
105 silly addNameRange     '0.4.4',
105 silly addNameRange     '0.5.0',
105 silly addNameRange     '0.5.1',
105 silly addNameRange     '0.5.2',
105 silly addNameRange     '0.6.0',
105 silly addNameRange     '0.7.0',
105 silly addNameRange     '0.7.1',
105 silly addNameRange     '0.8.0',
105 silly addNameRange     '1.0.0',
105 silly addNameRange     '1.1.0',
105 silly addNameRange     '1.1.1',
105 silly addNameRange     '1.1.2',
105 silly addNameRange     '1.2.0',
105 silly addNameRange     '1.3.0',
105 silly addNameRange     '1.4.0',
105 silly addNameRange     '1.4.1',
105 silly addNameRange     '1.5.0',
105 silly addNameRange     '1.4.2',
105 silly addNameRange     '1.4.3',
105 silly addNameRange     '1.5.1',
105 silly addNameRange     '1.5.2',
105 silly addNameRange     '1.6.0',
105 silly addNameRange     '1.5.3',
105 silly addNameRange     '1.6.1',
105 silly addNameRange     '1.6.2',
105 silly addNameRange     '1.7.0',
105 silly addNameRange     '1.8.0',
105 silly addNameRange     '1.8.1',
105 silly addNameRange     '1.8.2',
105 silly addNameRange     '1.8.3',
105 silly addNameRange     '1.8.4',
105 silly addNameRange     '1.9.0',
105 silly addNameRange     '2.0.0',
105 silly addNameRange     '2.0.1',
105 silly addNameRange     '2.0.2',
105 silly addNameRange     '2.0.3',
105 silly addNameRange     '2.0.4',
105 silly addNameRange     '2.0.5',
105 silly addNameRange     '2.0.6',
105 silly addNameRange     '2.0.7',
105 silly addNameRange     '2.0.8',
105 silly addNameRange     '2.0.9',
105 silly addNameRange     '2.1.0',
105 silly addNameRange     '2.2.0',
105 silly addNameRange     '2.2.1',
105 silly addNameRange     '2.3.0',
105 silly addNameRange     '2.3.1',
105 silly addNameRange     '2.3.2',
105 silly addNameRange     '2.3.3',
105 silly addNameRange     '2.3.4',
105 silly addNameRange     '2.3.5',
105 silly addNameRange     '2.4.0',
105 silly addNameRange     '2.5.0',
105 silly addNameRange     '2.5.1',
105 silly addNameRange     '2.6.0',
105 silly addNameRange     '2.6.1',
105 silly addNameRange     '2.6.2',
105 silly addNameRange     '2.7.0',
105 silly addNameRange     '2.8.0',
105 silly addNameRange     '2.9.1',
105 silly addNameRange     '2.9.2' ] ]
106 silly addNamed nan@2.9.2
107 verbose addNamed "2.9.2" is a plain semver version for nan
108 silly cache afterAdd nan@2.9.2
109 verbose afterAdd C:\Users\colai\AppData\Roaming\npm-cache\nan\2.9.2\package\package.json not in flight; writing
110 verbose correctMkdir C:\Users\colai\AppData\Roaming\npm-cache correctMkdir not in flight; initializing
111 verbose afterAdd C:\Users\colai\AppData\Roaming\npm-cache\nan\2.9.2\package\package.json written
112 silly loadAllDepsIntoIdealTree Finishing
113 silly loadIdealTree Finishing
114 silly currentTree npm
115 silly idealTree npm
115 silly idealTree `-- sleep@5.1.1
115 silly idealTree   `-- nan@2.9.2
116 silly generateActionsToTake Starting
117 silly install generateActionsToTake
118 silly generateActionsToTake Finishing
119 silly diffTrees action count 2
120 silly diffTrees add nan@2.9.2
121 silly diffTrees add sleep@5.1.1
122 silly decomposeActions action count 16
123 silly decomposeActions fetch nan@2.9.2
124 silly decomposeActions extract nan@2.9.2
125 silly decomposeActions test nan@2.9.2
126 silly decomposeActions preinstall nan@2.9.2
127 silly decomposeActions build nan@2.9.2
128 silly decomposeActions install nan@2.9.2
129 silly decomposeActions postinstall nan@2.9.2
130 silly decomposeActions finalize nan@2.9.2
131 silly decomposeActions fetch sleep@5.1.1
132 silly decomposeActions extract sleep@5.1.1
133 silly decomposeActions test sleep@5.1.1
134 silly decomposeActions preinstall sleep@5.1.1
135 silly decomposeActions build sleep@5.1.1
136 silly decomposeActions install sleep@5.1.1
137 silly decomposeActions postinstall sleep@5.1.1
138 silly decomposeActions finalize sleep@5.1.1
139 silly runTopLevelLifecycles Starting
140 silly executeActions Starting
141 silly install executeActions
142 silly doSerial global-install 0
143 silly doParallel fetch 2
144 verbose correctMkdir C:\Users\colai\AppData\Roaming\npm-cache\_locks correctMkdir not in flight; initializing
145 verbose lock using C:\Users\colai\AppData\Roaming\npm-cache\_locks\staging-d99145ebed100f6f.lock for C:\Users\colai\AppData\Roaming\npm\node_modules\.staging
146 silly doParallel extract 2
147 silly extract nan@2.9.2
148 silly extract sleep@5.1.1
149 verbose unbuild node_modules\.staging\nan-25a4a3a7
150 verbose unbuild node_modules\.staging\sleep-08b6653c
151 silly gentlyRm C:\Users\colai\AppData\Roaming\npm\node_modules\.staging\nan-25a4a3a7 is being purged from base C:\Users\colai\AppData\Roaming\npm
152 verbose gentlyRm don't care about contents; nuking C:\Users\colai\AppData\Roaming\npm\node_modules\.staging\nan-25a4a3a7
153 silly gentlyRm C:\Users\colai\AppData\Roaming\npm\node_modules\.staging\sleep-08b6653c is being purged from base C:\Users\colai\AppData\Roaming\npm
154 verbose gentlyRm don't care about contents; nuking C:\Users\colai\AppData\Roaming\npm\node_modules\.staging\sleep-08b6653c
155 verbose tar unpack C:\Users\colai\AppData\Roaming\npm-cache\nan\2.9.2\package.tgz
156 verbose tar unpacking to C:\Users\colai\AppData\Roaming\npm\node_modules\.staging\nan-25a4a3a7
157 silly gentlyRm C:\Users\colai\AppData\Roaming\npm\node_modules\.staging\nan-25a4a3a7 is being purged
158 verbose gentlyRm don't care about contents; nuking C:\Users\colai\AppData\Roaming\npm\node_modules\.staging\nan-25a4a3a7
159 verbose tar unpack C:\Users\colai\AppData\Roaming\npm-cache\sleep\5.1.1\package.tgz
160 verbose tar unpacking to C:\Users\colai\AppData\Roaming\npm\node_modules\.staging\sleep-08b6653c
161 silly gentlyRm C:\Users\colai\AppData\Roaming\npm\node_modules\.staging\sleep-08b6653c is being purged
162 verbose gentlyRm don't care about contents; nuking C:\Users\colai\AppData\Roaming\npm\node_modules\.staging\sleep-08b6653c
163 silly gunzTarPerm modes [ '777', '666' ]
164 silly gunzTarPerm modes [ '777', '666' ]
165 silly gunzTarPerm extractEntry package.json
166 silly gunzTarPerm modified mode [ 'package.json', 436, 438 ]
167 silly gunzTarPerm extractEntry package.json
168 silly gunzTarPerm modified mode [ 'package.json', 436, 438 ]
169 silly gunzTarPerm extractEntry CHANGELOG.md
170 silly gunzTarPerm modified mode [ 'CHANGELOG.md', 436, 438 ]
171 silly gunzTarPerm extractEntry .npmignore
172 silly gunzTarPerm modified mode [ '.npmignore', 436, 438 ]
173 silly gunzTarPerm extractEntry README.md
174 silly gunzTarPerm modified mode [ 'README.md', 436, 438 ]
175 silly gunzTarPerm extractEntry include_dirs.js
176 silly gunzTarPerm modified mode [ 'include_dirs.js', 436, 438 ]
177 silly gunzTarPerm extractEntry test.js
178 silly gunzTarPerm modified mode [ 'test.js', 436, 438 ]
179 silly gunzTarPerm extractEntry index.js
180 silly gunzTarPerm modified mode [ 'index.js', 436, 438 ]
181 silly gunzTarPerm extractEntry LICENSE.md
182 silly gunzTarPerm modified mode [ 'LICENSE.md', 436, 438 ]
183 silly gunzTarPerm extractEntry nan_callbacks_12_inl.h
184 silly gunzTarPerm modified mode [ 'nan_callbacks_12_inl.h', 436, 438 ]
185 silly gunzTarPerm extractEntry nan_callbacks_pre_12_inl.h
186 silly gunzTarPerm modified mode [ 'nan_callbacks_pre_12_inl.h', 436, 438 ]
187 silly gunzTarPerm extractEntry nan_callbacks.h
188 silly gunzTarPerm modified mode [ 'nan_callbacks.h', 436, 438 ]
189 silly gunzTarPerm extractEntry LICENSE.txt
190 silly gunzTarPerm modified mode [ 'LICENSE.txt', 436, 438 ]
191 silly gunzTarPerm extractEntry sleep.cc
192 silly gunzTarPerm modified mode [ 'sleep.cc', 436, 438 ]
193 silly gunzTarPerm extractEntry nan_converters_43_inl.h
194 silly gunzTarPerm modified mode [ 'nan_converters_43_inl.h', 436, 438 ]
195 silly gunzTarPerm extractEntry nan_converters_pre_43_inl.h
196 silly gunzTarPerm modified mode [ 'nan_converters_pre_43_inl.h', 436, 438 ]
197 silly gunzTarPerm extractEntry binding.gyp
198 silly gunzTarPerm modified mode [ 'binding.gyp', 436, 438 ]
199 silly gunzTarPerm extractEntry nan_converters.h
200 silly gunzTarPerm modified mode [ 'nan_converters.h', 436, 438 ]
201 silly gunzTarPerm extractEntry nan_implementation_12_inl.h
202 silly gunzTarPerm modified mode [ 'nan_implementation_12_inl.h', 436, 438 ]
203 silly gunzTarPerm extractEntry nan_implementation_pre_12_inl.h
204 silly gunzTarPerm modified mode [ 'nan_implementation_pre_12_inl.h', 436, 438 ]
205 silly gunzTarPerm extractEntry nan_json.h
206 silly gunzTarPerm modified mode [ 'nan_json.h', 436, 438 ]
207 silly gunzTarPerm extractEntry nan_maybe_43_inl.h
208 silly gunzTarPerm modified mode [ 'nan_maybe_43_inl.h', 436, 438 ]
209 silly gunzTarPerm extractEntry nan_maybe_pre_43_inl.h
210 silly gunzTarPerm modified mode [ 'nan_maybe_pre_43_inl.h', 436, 438 ]
211 silly gunzTarPerm extractEntry nan_new.h
212 silly gunzTarPerm modified mode [ 'nan_new.h', 436, 438 ]
213 silly gunzTarPerm extractEntry nan_object_wrap.h
214 silly gunzTarPerm modified mode [ 'nan_object_wrap.h', 436, 438 ]
215 silly gunzTarPerm extractEntry nan_persistent_12_inl.h
216 silly gunzTarPerm modified mode [ 'nan_persistent_12_inl.h', 436, 438 ]
217 silly gunzTarPerm extractEntry nan_persistent_pre_12_inl.h
218 silly gunzTarPerm modified mode [ 'nan_persistent_pre_12_inl.h', 436, 438 ]
219 silly gunzTarPerm extractEntry nan_private.h
220 silly gunzTarPerm modified mode [ 'nan_private.h', 436, 438 ]
221 silly gunzTarPerm extractEntry nan_string_bytes.h
222 silly gunzTarPerm modified mode [ 'nan_string_bytes.h', 436, 438 ]
223 silly gunzTarPerm extractEntry nan_typedarray_contents.h
224 silly gunzTarPerm modified mode [ 'nan_typedarray_contents.h', 436, 438 ]
225 silly gunzTarPerm extractEntry nan_weak.h
226 silly gunzTarPerm modified mode [ 'nan_weak.h', 436, 438 ]
227 silly gunzTarPerm extractEntry nan.h
228 silly gunzTarPerm modified mode [ 'nan.h', 436, 438 ]
229 silly gunzTarPerm extractEntry README.md
230 silly gunzTarPerm modified mode [ 'README.md', 436, 438 ]
231 silly gentlyRm C:\Users\colai\AppData\Roaming\npm\node_modules\.staging\sleep-08b6653c\node_modules is being purged
232 verbose gentlyRm don't care about contents; nuking C:\Users\colai\AppData\Roaming\npm\node_modules\.staging\sleep-08b6653c\node_modules
233 silly gunzTarPerm extractEntry doc/asyncworker.md
234 silly gunzTarPerm modified mode [ 'doc/asyncworker.md', 436, 438 ]
235 silly gunzTarPerm extractEntry doc/buffers.md
236 silly gunzTarPerm modified mode [ 'doc/buffers.md', 436, 438 ]
237 silly gunzTarPerm extractEntry doc/callback.md
238 silly gunzTarPerm modified mode [ 'doc/callback.md', 436, 438 ]
239 silly gunzTarPerm extractEntry doc/converters.md
240 silly gunzTarPerm modified mode [ 'doc/converters.md', 436, 438 ]
241 silly gunzTarPerm extractEntry doc/errors.md
242 silly gunzTarPerm modified mode [ 'doc/errors.md', 436, 438 ]
243 silly gunzTarPerm extractEntry doc/json.md
244 silly gunzTarPerm modified mode [ 'doc/json.md', 436, 438 ]
245 silly gunzTarPerm extractEntry doc/maybe_types.md
246 silly gunzTarPerm modified mode [ 'doc/maybe_types.md', 436, 438 ]
247 silly gunzTarPerm extractEntry doc/methods.md
248 silly gunzTarPerm modified mode [ 'doc/methods.md', 436, 438 ]
249 silly gunzTarPerm extractEntry doc/new.md
250 silly gunzTarPerm modified mode [ 'doc/new.md', 436, 438 ]
251 silly gunzTarPerm extractEntry doc/node_misc.md
252 silly gunzTarPerm modified mode [ 'doc/node_misc.md', 436, 438 ]
253 silly gunzTarPerm extractEntry doc/object_wrappers.md
254 silly gunzTarPerm modified mode [ 'doc/object_wrappers.md', 436, 438 ]
255 silly gunzTarPerm extractEntry doc/persistent.md
256 silly gunzTarPerm modified mode [ 'doc/persistent.md', 436, 438 ]
257 silly gunzTarPerm extractEntry doc/scopes.md
258 silly gunzTarPerm modified mode [ 'doc/scopes.md', 436, 438 ]
259 silly gunzTarPerm extractEntry doc/script.md
260 silly gunzTarPerm modified mode [ 'doc/script.md', 436, 438 ]
261 silly gunzTarPerm extractEntry doc/string_bytes.md
262 silly gunzTarPerm modified mode [ 'doc/string_bytes.md', 436, 438 ]
263 silly gunzTarPerm extractEntry doc/v8_internals.md
264 silly gunzTarPerm modified mode [ 'doc/v8_internals.md', 436, 438 ]
265 silly gunzTarPerm extractEntry doc/v8_misc.md
266 silly gunzTarPerm modified mode [ 'doc/v8_misc.md', 436, 438 ]
267 silly gunzTarPerm extractEntry tools/1to2.js
268 silly gunzTarPerm modified mode [ 'tools/1to2.js', 509, 511 ]
269 silly gunzTarPerm extractEntry tools/package.json
270 silly gunzTarPerm modified mode [ 'tools/package.json', 436, 438 ]
271 silly gunzTarPerm extractEntry tools/README.md
272 silly gunzTarPerm modified mode [ 'tools/README.md', 436, 438 ]
273 silly gentlyRm C:\Users\colai\AppData\Roaming\npm\node_modules\.staging\nan-25a4a3a7\node_modules is being purged
274 verbose gentlyRm don't care about contents; nuking C:\Users\colai\AppData\Roaming\npm\node_modules\.staging\nan-25a4a3a7\node_modules
275 silly doParallel preinstall 2
276 silly preinstall nan@2.9.2 C:\Users\colai\AppData\Roaming\npm\node_modules\.staging\nan-25a4a3a7
277 info lifecycle nan@2.9.2~preinstall: nan@2.9.2
278 silly preinstall sleep@5.1.1 C:\Users\colai\AppData\Roaming\npm\node_modules\.staging\sleep-08b6653c
279 info lifecycle sleep@5.1.1~preinstall: sleep@5.1.1
280 silly lifecycle nan@2.9.2~preinstall: no script for preinstall, continuing
281 silly lifecycle sleep@5.1.1~preinstall: no script for preinstall, continuing
282 silly doReverseSerial remove 0
283 silly doSerial move 0
284 silly doSerial finalize 2
285 silly finalize C:\Users\colai\AppData\Roaming\npm\node_modules\sleep\node_modules\nan
286 silly finalize C:\Users\colai\AppData\Roaming\npm\node_modules\sleep
287 silly doSerial build 2
288 silly build nan@2.9.2
289 info linkStuff nan@2.9.2
290 silly linkStuff nan@2.9.2 has C:\Users\colai\AppData\Roaming\npm\node_modules\sleep\node_modules as its parent node_modules
291 silly linkStuff nan@2.9.2 is part of a global install
292 silly linkStuff nan@2.9.2 is installed into a global node_modules
293 verbose linkBins nan@2.9.2
294 verbose linkMans nan@2.9.2
295 silly build sleep@5.1.1
296 info linkStuff sleep@5.1.1
297 silly linkStuff sleep@5.1.1 has C:\Users\colai\AppData\Roaming\npm\node_modules as its parent node_modules
298 silly linkStuff sleep@5.1.1 is part of a global install
299 silly linkStuff sleep@5.1.1 is installed into a global node_modules
300 silly linkStuff sleep@5.1.1 is installed into the top-level global node_modules
301 verbose linkBins sleep@5.1.1
302 verbose linkMans sleep@5.1.1
303 silly doSerial global-link 0
304 silly doParallel update-linked 0
305 silly doSerial install 2
306 silly install nan@2.9.2 C:\Users\colai\AppData\Roaming\npm\node_modules\.staging\nan-25a4a3a7
307 info lifecycle nan@2.9.2~install: nan@2.9.2
308 silly lifecycle nan@2.9.2~install: no script for install, continuing
309 silly install sleep@5.1.1 C:\Users\colai\AppData\Roaming\npm\node_modules\.staging\sleep-08b6653c
310 info lifecycle sleep@5.1.1~install: sleep@5.1.1
311 verbose lifecycle sleep@5.1.1~install: unsafe-perm in lifecycle true
312 verbose lifecycle sleep@5.1.1~install: PATH: C:\Program Files\nodejs\node_modules\npm\bin\node-gyp-bin;C:\Users\colai\AppData\Roaming\npm\node_modules\sleep\node_modules\.bin;C:\Users\colai\AppData\Roaming\npm\node_modules\.bin;C:\Program Files\Python37\Scripts\;C:\Program Files\Python37\;C:\Program Files (x86)\Common Files\Intel\Shared Libraries\redist\intel64\compiler;C:\ProgramData\Oracle\Java\javapath;C:\Program Files (x86)\Intel\iCLS Client\;C:\Program Files\Intel\iCLS Client\;C:\WINDOWS\system32;C:\WINDOWS;C:\WINDOWS\System32\Wbem;C:\WINDOWS\System32\WindowsPowerShell\v1.0\;C:\Program Files (x86)\Intel\Intel(R) Management Engine Components\DAL;C:\Program Files\Intel\Intel(R) Management Engine Components\DAL;C:\Program Files (x86)\Intel\Intel(R) Management Engine Components\IPT;C:\Program Files\Intel\Intel(R) Management Engine Components\IPT;C:\Program Files (x86)\GtkSharp\2.12\bin;C:\Program Files\nodejs\;C:\Program Files\Microsoft SQL Server\130\Tools\Binn\;C:\Program Files\Git\cmd;C:\Python27;C:\Python27\Scripts;C:\opencv\build\x64\vc12\bin;C:\Program Files (x86)\Common Files\Sony Shared\FeliCaLibrary;C:\Program Files\Common Files\Sony Shared\FeliCaLibrary;C:\Program Files (x86)\Common Files\Sony Shared\FeliCaNFCLibrary;C:\Program Files\Common Files\Sony Shared\FeliCaNFCLibrary;C:\sdk4nfc_starter204J\NFCAccessLibrary\lib\x86;C:\sdk4nfc_starter204J\FeliCa_Library\lib\x86;C:\Program Files (x86)\Windows Kits\10\Windows Performance Toolkit\;C:\Program Files\dotnet\;C:\Program Files\Intel\WiFi\bin\;C:\Program Files\Common Files\Intel\WirelessCommon\;C:\ProgramData\chocolatey\bin;C:\Users\colai\Anaconda3;C:\Users\colai\Anaconda3\Library\mingw-w64\bin;C:\Users\colai\Anaconda3\Library\usr\bin;C:\Users\colai\Anaconda3\Library\bin;C:\Users\colai\Anaconda3\Scripts;C:\RailsInstaller\Git\cmd;C:\RailsInstaller\Ruby2.2.0\bin;C:\Ruby24-x64\bin;C:\Users\colai\AppData\Local\Microsoft\WindowsApps;C:\Users\colai\AppData\Roaming\npm;C:\Program Files\Microsoft VS Code\bin;C:\texlive\2017\bin\win32;C:\Program Files\Heroku\bin
313 verbose lifecycle sleep@5.1.1~install: CWD: C:\Users\colai\AppData\Roaming\npm\node_modules\sleep
314 silly lifecycle sleep@5.1.1~install: Args: [ '/d /s /c', 'node-gyp rebuild' ]
315 silly lifecycle sleep@5.1.1~install: Returned: code: 1  signal: null
316 info lifecycle sleep@5.1.1~install: Failed to exec install script
317 verbose unlock done using C:\Users\colai\AppData\Roaming\npm-cache\_locks\staging-d99145ebed100f6f.lock for C:\Users\colai\AppData\Roaming\npm\node_modules\.staging
318 silly rollbackFailedOptional Starting
319 silly rollbackFailedOptional Finishing
320 silly runTopLevelLifecycles Finishing
321 silly install printInstalled
322 verbose stack Error: sleep@5.1.1 install: `node-gyp rebuild`
322 verbose stack Exit status 1
322 verbose stack     at EventEmitter.<anonymous> (C:\Program Files\nodejs\node_modules\npm\lib\utils\lifecycle.js:255:16)
322 verbose stack     at emitTwo (events.js:106:13)
322 verbose stack     at EventEmitter.emit (events.js:191:7)
322 verbose stack     at ChildProcess.<anonymous> (C:\Program Files\nodejs\node_modules\npm\lib\utils\spawn.js:40:14)
322 verbose stack     at emitTwo (events.js:106:13)
322 verbose stack     at ChildProcess.emit (events.js:191:7)
322 verbose stack     at maybeClose (internal/child_process.js:891:16)
322 verbose stack     at Process.ChildProcess._handle.onexit (internal/child_process.js:226:5)
323 verbose pkgid sleep@5.1.1
324 verbose cwd C:\Users\colai\rcchack
325 error Windows_NT 10.0.16299
326 error argv "C:\\Program Files\\nodejs\\node.exe" "C:\\Program Files\\nodejs\\node_modules\\npm\\bin\\npm-cli.js" "install" "-g" "sleep"
327 error node v6.11.0
328 error npm  v3.10.10
329 error code ELIFECYCLE
330 error sleep@5.1.1 install: `node-gyp rebuild`
330 error Exit status 1
331 error Failed at the sleep@5.1.1 install script 'node-gyp rebuild'.
331 error Make sure you have the latest version of node.js and npm installed.
331 error If you do, this is most likely a problem with the sleep package,
331 error not with npm itself.
331 error Tell the author that this fails on your system:
331 error     node-gyp rebuild
331 error You can get information on how to open an issue for this project with:
331 error     npm bugs sleep
331 error Or if that isn't available, you can get their info via:
331 error     npm owner ls sleep
331 error There is likely additional logging output above.
332 verbose exit [ 1, true ]
